\BOOKMARK [1][-]{section.1}{Discretization of CT Signals \046 Systems}{}% 1
\BOOKMARK [2][-]{subsection.1.1}{Hold and Sample Operators}{section.1}% 2
\BOOKMARK [1][-]{section.2}{Classification of Systems}{}% 3
\BOOKMARK [2][-]{subsection.2.1}{Stability of linear systems, BIBO}{section.2}% 4
\BOOKMARK [1][-]{section.3}{LTI System response to Inputs}{}% 5
\BOOKMARK [2][-]{subsection.3.1}{Impulse response of a system}{section.3}% 6
\BOOKMARK [3][-]{subsubsection.3.1.1}{Useful signals}{subsection.3.1}% 7
\BOOKMARK [3][-]{subsubsection.3.1.2}{Representing a sequence with inpulses}{subsection.3.1}% 8
\BOOKMARK [3][-]{subsubsection.3.1.3}{Response to arbitrary inputs}{subsection.3.1}% 9
\BOOKMARK [3][-]{subsubsection.3.1.4}{Convolution}{subsection.3.1}% 10
\BOOKMARK [2][-]{subsection.3.2}{Step Response}{section.3}% 11
\BOOKMARK [2][-]{subsection.3.3}{Causality}{section.3}% 12
\BOOKMARK [2][-]{subsection.3.4}{Stability of an LTI system}{section.3}% 13
\BOOKMARK [1][-]{section.4}{Linear constant coefficient difference equations}{}% 14
\BOOKMARK [2][-]{subsection.4.1}{Definition}{section.4}% 15
\BOOKMARK [2][-]{subsection.4.2}{Converting from LCCDE to state-space}{section.4}% 16
\BOOKMARK [2][-]{subsection.4.3}{Impulse response of a DT LTI system in SS}{section.4}% 17
\BOOKMARK [2][-]{subsection.4.4}{Finite Impulse Response \(FIR\) vs. Infinite Impulse Response \(IIR\)}{section.4}% 18
\BOOKMARK [1][-]{section.5}{Periodic signals}{}% 19
\BOOKMARK [2][-]{subsection.5.1}{Periodicity constraint}{section.5}% 20
\BOOKMARK [2][-]{subsection.5.2}{Eigenfunctions of LTI Systems}{section.5}% 21
\BOOKMARK [1][-]{section.6}{The z-Transform}{}% 22
\BOOKMARK [2][-]{subsection.6.1}{Convergence and non-uniqueness}{section.6}% 23
\BOOKMARK [2][-]{subsection.6.2}{Transfer functions of LTI systems}{section.6}% 24
\BOOKMARK [2][-]{subsection.6.3}{Transfer function from LCCDE}{section.6}% 25
\BOOKMARK [2][-]{subsection.6.4}{Transfer function from SS}{section.6}% 26
\BOOKMARK [2][-]{subsection.6.5}{Stability and causality}{section.6}% 27
\BOOKMARK [1][-]{section.7}{Fourier Transform}{}% 28
\BOOKMARK [2][-]{subsection.7.1}{DT Fourier Transform}{section.7}% 29
\BOOKMARK [3][-]{subsubsection.7.1.1}{Definition}{subsection.7.1}% 30
\BOOKMARK [2][-]{subsection.7.2}{Inverse DT Fourier Transform}{section.7}% 31
\BOOKMARK [2][-]{subsection.7.3}{Properties of the DT Fourier Transform}{section.7}% 32
\BOOKMARK [1][-]{section.8}{Frequency Response of LTI Systems}{}% 33
\BOOKMARK [2][-]{subsection.8.1}{Frequency response from LCCDE}{section.8}% 34
\BOOKMARK [2][-]{subsection.8.2}{Response to complex exponential sequences}{section.8}% 35
\BOOKMARK [2][-]{subsection.8.3}{Response to real sinusoids}{section.8}% 36
\BOOKMARK [1][-]{section.9}{Discrete Fourier Series / Transform}{}% 37
\BOOKMARK [2][-]{subsection.9.1}{DFS representation of a periodic signal}{section.9}% 38
\BOOKMARK [2][-]{subsection.9.2}{Properties}{section.9}% 39
\BOOKMARK [2][-]{subsection.9.3}{DFS coefficients of a real signal}{section.9}% 40
\BOOKMARK [2][-]{subsection.9.4}{Response to Complex Exponential Sequences}{section.9}% 41
\BOOKMARK [2][-]{subsection.9.5}{Relation between DFS and the DT Fourier Transform}{section.9}% 42
\BOOKMARK [2][-]{subsection.9.6}{Discrete Fourier Transform \(DFT\)}{section.9}% 43
\BOOKMARK [2][-]{subsection.9.7}{DFT of Non-Periodic Signals}{section.9}% 44
\BOOKMARK [3][-]{subsubsection.9.7.1}{Example: N=10, 0=3}{subsection.9.7}% 45
\BOOKMARK [2][-]{subsection.9.8}{Effect of Causal Inputs}{section.9}% 46
\BOOKMARK [1][-]{section.10}{Aliasing}{}% 47
\BOOKMARK [1][-]{section.11}{Filtering}{}% 48
\BOOKMARK [2][-]{subsection.11.1}{White Noise}{section.11}% 49
\BOOKMARK [2][-]{subsection.11.2}{White noise from PDF}{section.11}% 50
\BOOKMARK [3][-]{subsubsection.11.2.1}{Uniform Distribution}{subsection.11.2}% 51
\BOOKMARK [3][-]{subsubsection.11.2.2}{Normal Distribution}{subsection.11.2}% 52
\BOOKMARK [2][-]{subsection.11.3}{Main Types of filters}{section.11}% 53
\BOOKMARK [2][-]{subsection.11.4}{Non-Causal Filtering}{section.11}% 54
\BOOKMARK [3][-]{subsubsection.11.4.1}{Non-causal filtering with causal filters}{subsection.11.4}% 55
\BOOKMARK [2][-]{subsection.11.5}{Non-Linear Filter: Median}{section.11}% 56
\BOOKMARK [2][-]{subsection.11.6}{Anti-Aliasing}{section.11}% 57
\BOOKMARK [3][-]{subsubsection.11.6.1}{Corner frequency}{subsection.11.6}% 58
\BOOKMARK [1][-]{section.12}{FIR filters}{}% 59
\BOOKMARK [2][-]{subsection.12.1}{Moving Average Filter}{section.12}% 60
\BOOKMARK [3][-]{subsubsection.12.1.1}{Phase response}{subsection.12.1}% 61
\BOOKMARK [3][-]{subsubsection.12.1.2}{Magnitude response}{subsection.12.1}% 62
\BOOKMARK [2][-]{subsection.12.2}{Weighted Moving average Filter}{section.12}% 63
\BOOKMARK [2][-]{subsection.12.3}{Non-Causal Moving Average Filter}{section.12}% 64
\BOOKMARK [2][-]{subsection.12.4}{Phase is Important}{section.12}% 65
\BOOKMARK [2][-]{subsection.12.5}{Differentiation using FIR Filters}{section.12}% 66
\BOOKMARK [1][-]{section.13}{Infinite Impulse Response Filters}{}% 67
\BOOKMARK [2][-]{subsection.13.1}{First Order Low Pass Filter}{section.13}% 68
\BOOKMARK [3][-]{subsubsection.13.1.1}{Design Considerations}{subsection.13.1}% 69
\BOOKMARK [3][-]{subsubsection.13.1.2}{Connection to CT systems}{subsection.13.1}% 70
\BOOKMARK [1][-]{section.14}{IIR Filter Design}{}% 71
\BOOKMARK [2][-]{subsection.14.1}{CT Butterworth filter design}{section.14}% 72
\BOOKMARK [2][-]{subsection.14.2}{Bilinear Transform}{section.14}% 73
\BOOKMARK [3][-]{subsubsection.14.2.1}{Motivation}{subsection.14.2}% 74
\BOOKMARK [3][-]{subsubsection.14.2.2}{DT-CT frequency mapping}{subsection.14.2}% 75
\BOOKMARK [2][-]{subsection.14.3}{Overview: Discretization methods}{section.14}% 76
\BOOKMARK [1][-]{section.15}{Applied Concepts}{}% 77
\BOOKMARK [2][-]{subsection.15.1}{High-Pass Filter Design}{section.15}% 78
\BOOKMARK [2][-]{subsection.15.2}{Designing a HP filter in CT}{section.15}% 79
\BOOKMARK [2][-]{subsection.15.3}{Designing a HP filter in DT}{section.15}% 80
\BOOKMARK [2][-]{subsection.15.4}{Band-Pass Filter Design}{section.15}% 81
\BOOKMARK [2][-]{subsection.15.5}{Low-pass to band-pass filter transformation in CT}{section.15}% 82
\BOOKMARK [2][-]{subsection.15.6}{Band-Stop Filter Design}{section.15}% 83
\BOOKMARK [2][-]{subsection.15.7}{High-Pass to Band-Stop Filter Transformation in CT}{section.15}% 84
\BOOKMARK [2][-]{subsection.15.8}{Notch Filter Design}{section.15}% 85
\BOOKMARK [2][-]{subsection.15.9}{Frequency Warping and the Bilinear Transform}{section.15}% 86
\BOOKMARK [1][-]{section.16}{System Identification}{}% 87
\BOOKMARK [2][-]{subsection.16.1}{Frequency domain system identification}{section.16}% 88
\BOOKMARK [3][-]{subsubsection.16.1.1}{Identification without noise}{subsection.16.1}% 89
\BOOKMARK [3][-]{subsubsection.16.1.2}{Identification with noise}{subsection.16.1}% 90
\BOOKMARK [2][-]{subsection.16.2}{Identification using Sinusoidal Inputs}{section.16}% 91
\BOOKMARK [3][-]{subsubsection.16.2.1}{Experimental Procedure}{subsection.16.2}% 92
\BOOKMARK [3][-]{subsubsection.16.2.2}{Closed-loop System Identification}{subsection.16.2}% 93
\BOOKMARK [2][-]{subsection.16.3}{Identifying the Transfer Function}{section.16}% 94
\BOOKMARK [3][-]{subsubsection.16.3.1}{Weighted least squares}{subsection.16.3}% 95
